1619366212.767923 client started (1383): version 3.2, socket /private/tmp/tmux-501/default, protocol 8
1619366212.767971 on Darwin 20.3.0 Darwin Kernel Version 20.3.0: Thu Jan 21 00:07:06 PST 2021; root:xnu-7195.81.3~1/RELEASE_X86_64
1619366212.767993 using libevent 2.1.12-stable (select); utf8proc 2.6.1; ncurses 6.2
1619366212.768040 flags are 0x10010000
1619366212.768054 socket is /private/tmp/tmux-501/default
1619366212.768075 trying connect
1619366212.768168 add peer 0x7fd82ed31000: 6 (0x0)
1619366212.773073 sending message 100 to peer 0x7fd82ed31000 (4 bytes)
1619366212.773100 sending message 111 to peer 0x7fd82ed31000 (8 bytes)
1619366212.773111 sending message 101 to peer 0x7fd82ed31000 (7 bytes)
1619366212.773119 sending message 109 to peer 0x7fd82ed31000 (4 bytes)
1619366212.773127 sending message 102 to peer 0x7fd82ed31000 (13 bytes)
1619366212.773135 sending message 108 to peer 0x7fd82ed31000 (56 bytes)
1619366212.773143 sending message 112 to peer 0x7fd82ed31000 (70 bytes)
1619366212.773151 sending message 112 to peer 0x7fd82ed31000 (5 bytes)
1619366212.773159 sending message 112 to peer 0x7fd82ed31000 (5 bytes)
1619366212.773167 sending message 112 to peer 0x7fd82ed31000 (6 bytes)
1619366212.773174 sending message 112 to peer 0x7fd82ed31000 (6 bytes)
1619366212.773183 sending message 112 to peer 0x7fd82ed31000 (11 bytes)
1619366212.773191 sending message 112 to peer 0x7fd82ed31000 (10 bytes)
1619366212.773199 sending message 112 to peer 0x7fd82ed31000 (13 bytes)
1619366212.773206 sending message 112 to peer 0x7fd82ed31000 (13 bytes)
1619366212.773214 sending message 112 to peer 0x7fd82ed31000 (18 bytes)
1619366212.773222 sending message 112 to peer 0x7fd82ed31000 (9 bytes)
1619366212.773230 sending message 112 to peer 0x7fd82ed31000 (21 bytes)
1619366212.773238 sending message 112 to peer 0x7fd82ed31000 (13 bytes)
1619366212.773249 sending message 112 to peer 0x7fd82ed31000 (7 bytes)
1619366212.773258 sending message 112 to peer 0x7fd82ed31000 (13 bytes)
1619366212.773266 sending message 112 to peer 0x7fd82ed31000 (7 bytes)
1619366212.773274 sending message 112 to peer 0x7fd82ed31000 (13 bytes)
1619366212.773281 sending message 112 to peer 0x7fd82ed31000 (9 bytes)
1619366212.773289 sending message 112 to peer 0x7fd82ed31000 (21 bytes)
1619366212.773297 sending message 112 to peer 0x7fd82ed31000 (13 bytes)
1619366212.773305 sending message 112 to peer 0x7fd82ed31000 (8 bytes)
1619366212.773313 sending message 112 to peer 0x7fd82ed31000 (12 bytes)
1619366212.773320 sending message 112 to peer 0x7fd82ed31000 (13 bytes)
1619366212.773328 sending message 112 to peer 0x7fd82ed31000 (9 bytes)
1619366212.773337 sending message 112 to peer 0x7fd82ed31000 (9 bytes)
1619366212.773344 sending message 112 to peer 0x7fd82ed31000 (12 bytes)
1619366212.773352 sending message 112 to peer 0x7fd82ed31000 (8 bytes)
1619366212.773360 sending message 112 to peer 0x7fd82ed31000 (7 bytes)
1619366212.773368 sending message 112 to peer 0x7fd82ed31000 (7 bytes)
1619366212.773376 sending message 112 to peer 0x7fd82ed31000 (9 bytes)
1619366212.773384 sending message 112 to peer 0x7fd82ed31000 (13 bytes)
1619366212.773392 sending message 112 to peer 0x7fd82ed31000 (9 bytes)
1619366212.773400 sending message 112 to peer 0x7fd82ed31000 (15 bytes)
1619366212.773408 sending message 112 to peer 0x7fd82ed31000 (13 bytes)
1619366212.773416 sending message 112 to peer 0x7fd82ed31000 (12 bytes)
1619366212.773424 sending message 112 to peer 0x7fd82ed31000 (8 bytes)
1619366212.773435 sending message 112 to peer 0x7fd82ed31000 (14 bytes)
1619366212.773444 sending message 112 to peer 0x7fd82ed31000 (9 bytes)
1619366212.773452 sending message 112 to peer 0x7fd82ed31000 (10 bytes)
1619366212.773460 sending message 112 to peer 0x7fd82ed31000 (10 bytes)
1619366212.773467 sending message 112 to peer 0x7fd82ed31000 (10 bytes)
1619366212.773475 sending message 112 to peer 0x7fd82ed31000 (10 bytes)
1619366212.773483 sending message 112 to peer 0x7fd82ed31000 (11 bytes)
1619366212.773491 sending message 112 to peer 0x7fd82ed31000 (10 bytes)
1619366212.773498 sending message 112 to peer 0x7fd82ed31000 (8 bytes)
1619366212.773524 sending message 112 to peer 0x7fd82ed31000 (11 bytes)
1619366212.773533 sending message 112 to peer 0x7fd82ed31000 (11 bytes)
1619366212.773539 sending message 112 to peer 0x7fd82ed31000 (11 bytes)
1619366212.773545 sending message 112 to peer 0x7fd82ed31000 (8 bytes)
1619366212.773550 sending message 112 to peer 0x7fd82ed31000 (8 bytes)
1619366212.773555 sending message 112 to peer 0x7fd82ed31000 (8 bytes)
1619366212.773561 sending message 112 to peer 0x7fd82ed31000 (10 bytes)
1619366212.773566 sending message 112 to peer 0x7fd82ed31000 (10 bytes)
1619366212.773571 sending message 112 to peer 0x7fd82ed31000 (10 bytes)
1619366212.773577 sending message 112 to peer 0x7fd82ed31000 (10 bytes)
1619366212.773582 sending message 112 to peer 0x7fd82ed31000 (10 bytes)
1619366212.773587 sending message 112 to peer 0x7fd82ed31000 (11 bytes)
1619366212.773593 sending message 112 to peer 0x7fd82ed31000 (11 bytes)
1619366212.773598 sending message 112 to peer 0x7fd82ed31000 (10 bytes)
1619366212.773607 sending message 112 to peer 0x7fd82ed31000 (9 bytes)
1619366212.773613 sending message 112 to peer 0x7fd82ed31000 (9 bytes)
1619366212.773618 sending message 112 to peer 0x7fd82ed31000 (12 bytes)
1619366212.773623 sending message 112 to peer 0x7fd82ed31000 (9 bytes)
1619366212.773629 sending message 112 to peer 0x7fd82ed31000 (6 bytes)
1619366212.773634 sending message 112 to peer 0x7fd82ed31000 (8 bytes)
1619366212.773640 sending message 112 to peer 0x7fd82ed31000 (15 bytes)
1619366212.773648 sending message 112 to peer 0x7fd82ed31000 (13 bytes)
1619366212.773657 sending message 112 to peer 0x7fd82ed31000 (16 bytes)
1619366212.773663 sending message 112 to peer 0x7fd82ed31000 (16 bytes)
1619366212.773668 sending message 112 to peer 0x7fd82ed31000 (10 bytes)
1619366212.773673 sending message 112 to peer 0x7fd82ed31000 (8 bytes)
1619366212.773679 sending message 112 to peer 0x7fd82ed31000 (15 bytes)
1619366212.773684 sending message 112 to peer 0x7fd82ed31000 (13 bytes)
1619366212.773689 sending message 112 to peer 0x7fd82ed31000 (10 bytes)
1619366212.773695 sending message 112 to peer 0x7fd82ed31000 (10 bytes)
1619366212.773700 sending message 112 to peer 0x7fd82ed31000 (5 bytes)
1619366212.773705 sending message 112 to peer 0x7fd82ed31000 (15 bytes)
1619366212.773722 sending message 104 to peer 0x7fd82ed31000 (0 bytes)
1619366212.773729 sending message 110 to peer 0x7fd82ed31000 (0 bytes)
1619366212.773734 sending message 107 to peer 0x7fd82ed31000 (4 bytes)
1619366212.773740 sending message 105 to peer 0x7fd82ed31000 (22 bytes)
1619366212.773745 sending message 105 to peer 0x7fd82ed31000 (19 bytes)
1619366212.773750 sending message 105 to peer 0x7fd82ed31000 (8 bytes)
1619366212.773756 sending message 105 to peer 0x7fd82ed31000 (14 bytes)
1619366212.773761 sending message 105 to peer 0x7fd82ed31000 (15 bytes)
1619366212.773766 sending message 105 to peer 0x7fd82ed31000 (32 bytes)
1619366212.773772 sending message 105 to peer 0x7fd82ed31000 (54 bytes)
1619366212.773777 sending message 105 to peer 0x7fd82ed31000 (48 bytes)
1619366212.773782 sending message 105 to peer 0x7fd82ed31000 (11 bytes)
1619366212.773788 sending message 105 to peer 0x7fd82ed31000 (233 bytes)
1619366212.773795 sending message 105 to peer 0x7fd82ed31000 (60 bytes)
1619366212.773801 sending message 105 to peer 0x7fd82ed31000 (24 bytes)
1619366212.773806 sending message 105 to peer 0x7fd82ed31000 (15 bytes)
1619366212.773812 sending message 105 to peer 0x7fd82ed31000 (8 bytes)
1619366212.773817 sending message 105 to peer 0x7fd82ed31000 (66 bytes)
1619366212.773823 sending message 105 to peer 0x7fd82ed31000 (12 bytes)
1619366212.773828 sending message 105 to peer 0x7fd82ed31000 (37 bytes)
1619366212.773833 sending message 105 to peer 0x7fd82ed31000 (18 bytes)
1619366212.773839 sending message 105 to peer 0x7fd82ed31000 (25 bytes)
1619366212.773844 sending message 105 to peer 0x7fd82ed31000 (57 bytes)
1619366212.773849 sending message 105 to peer 0x7fd82ed31000 (42 bytes)
1619366212.773854 sending message 105 to peer 0x7fd82ed31000 (13 bytes)
1619366212.773871 sending message 105 to peer 0x7fd82ed31000 (12 bytes)
1619366212.773876 sending message 105 to peer 0x7fd82ed31000 (14 bytes)
1619366212.773882 sending message 105 to peer 0x7fd82ed31000 (19 bytes)
1619366212.773887 sending message 105 to peer 0x7fd82ed31000 (29 bytes)
1619366212.773892 sending message 105 to peer 0x7fd82ed31000 (44 bytes)
1619366212.773898 sending message 105 to peer 0x7fd82ed31000 (39 bytes)
1619366212.773903 sending message 105 to peer 0x7fd82ed31000 (129 bytes)
1619366212.773908 sending message 105 to peer 0x7fd82ed31000 (21 bytes)
1619366212.773914 sending message 105 to peer 0x7fd82ed31000 (22 bytes)
1619366212.773919 sending message 106 to peer 0x7fd82ed31000 (0 bytes)
1619366212.773935 sending message 200 to peer 0x7fd82ed31000 (4 bytes)
1619366212.773941 client loop enter
1619366212.774269 peer 0x7fd82ed31000 message 303
1619366212.774289 open write file 2 -
1619366212.774316 sending message 305 to peer 0x7fd82ed31000 (8 bytes)
1619366212.774342 write check file 2
1619366212.774432 peer 0x7fd82ed31000 message 304
1619366212.774448 write 58 to file 2
1619366212.774469 peer 0x7fd82ed31000 message 203
1619366212.774477 file 2 58 bytes left
1619366212.774517 write check file 2
1619366212.774525 client loop exit
